This is pdfTeX, Version 3.141592653-2.6-1.40.22 (TeX Live 2021) (preloaded format=pdflatex 2021.6.26)  31 JAN 2022 09:42
entering extended mode
 restricted \write18 enabled.
 %&-line parsing enabled.
**sector_analysis_1year.tex
(./sector_analysis_1year.tex
LaTeX2e <2020-10-01> patch level 4
L3 programming layer <2021-02-18>
(/usr/local/texlive/2021/texmf-dist/tex/latex/base/article.cls
Document Class: article 2020/04/10 v1.4m Standard LaTeX document class
(/usr/local/texlive/2021/texmf-dist/tex/latex/base/size10.clo
File: size10.clo 2020/04/10 v1.4m Standard LaTeX file (size option)
)
\c@part=\count179
\c@section=\count180
\c@subsection=\count181
\c@subsubsection=\count182
\c@paragraph=\count183
\c@subparagraph=\count184
\c@figure=\count185
\c@table=\count186
\abovecaptionskip=\skip47
\belowcaptionskip=\skip48
\bibindent=\dimen138
)
(/usr/local/texlive/2021/texmf-dist/tex/latex/base/inputenc.sty
Package: inputenc 2020/08/01 v1.3d Input encoding file
\inpenc@prehook=\toks15
\inpenc@posthook=\toks16
)
(/usr/local/texlive/2021/texmf-dist/tex/latex/base/fontenc.sty
Package: fontenc 2020/08/10 v2.0s Standard LaTeX package
)
(/usr/local/texlive/2021/texmf-dist/tex/latex/lm/lmodern.sty
Package: lmodern 2015/05/01 v1.6.1 Latin Modern Fonts
LaTeX Font Info:    Overwriting symbol font `operators' in version `normal'
(Font)                  OT1/cmr/m/n --> OT1/lmr/m/n on input line 22.
LaTeX Font Info:    Overwriting symbol font `letters' in version `normal'
(Font)                  OML/cmm/m/it --> OML/lmm/m/it on input line 23.
LaTeX Font Info:    Overwriting symbol font `symbols' in version `normal'
(Font)                  OMS/cmsy/m/n --> OMS/lmsy/m/n on input line 24.
LaTeX Font Info:    Overwriting symbol font `largesymbols' in version `normal'
(Font)                  OMX/cmex/m/n --> OMX/lmex/m/n on input line 25.
LaTeX Font Info:    Overwriting symbol font `operators' in version `bold'
(Font)                  OT1/cmr/bx/n --> OT1/lmr/bx/n on input line 26.
LaTeX Font Info:    Overwriting symbol font `letters' in version `bold'
(Font)                  OML/cmm/b/it --> OML/lmm/b/it on input line 27.
LaTeX Font Info:    Overwriting symbol font `symbols' in version `bold'
(Font)                  OMS/cmsy/b/n --> OMS/lmsy/b/n on input line 28.
LaTeX Font Info:    Overwriting symbol font `largesymbols' in version `bold'
(Font)                  OMX/cmex/m/n --> OMX/lmex/m/n on input line 29.
LaTeX Font Info:    Overwriting math alphabet `\mathbf' in version `normal'
(Font)                  OT1/cmr/bx/n --> OT1/lmr/bx/n on input line 31.
LaTeX Font Info:    Overwriting math alphabet `\mathsf' in version `normal'
(Font)                  OT1/cmss/m/n --> OT1/lmss/m/n on input line 32.
LaTeX Font Info:    Overwriting math alphabet `\mathit' in version `normal'
(Font)                  OT1/cmr/m/it --> OT1/lmr/m/it on input line 33.
LaTeX Font Info:    Overwriting math alphabet `\mathtt' in version `normal'
(Font)                  OT1/cmtt/m/n --> OT1/lmtt/m/n on input line 34.
LaTeX Font Info:    Overwriting math alphabet `\mathbf' in version `bold'
(Font)                  OT1/cmr/bx/n --> OT1/lmr/bx/n on input line 35.
LaTeX Font Info:    Overwriting math alphabet `\mathsf' in version `bold'
(Font)                  OT1/cmss/bx/n --> OT1/lmss/bx/n on input line 36.
LaTeX Font Info:    Overwriting math alphabet `\mathit' in version `bold'
(Font)                  OT1/cmr/bx/it --> OT1/lmr/bx/it on input line 37.
LaTeX Font Info:    Overwriting math alphabet `\mathtt' in version `bold'
(Font)                  OT1/cmtt/m/n --> OT1/lmtt/m/n on input line 38.
)
(/usr/local/texlive/2021/texmf-dist/tex/latex/graphics/graphicx.sty
Package: graphicx 2020/09/09 v1.2b Enhanced LaTeX Graphics (DPC,SPQR)

(/usr/local/texlive/2021/texmf-dist/tex/latex/graphics/keyval.sty
Package: keyval 2014/10/28 v1.15 key=value parser (DPC)
\KV@toks@=\toks17
)
(/usr/local/texlive/2021/texmf-dist/tex/latex/graphics/graphics.sty
Package: graphics 2020/08/30 v1.4c Standard LaTeX Graphics (DPC,SPQR)

(/usr/local/texlive/2021/texmf-dist/tex/latex/graphics/trig.sty
Package: trig 2016/01/03 v1.10 sin cos tan (DPC)
)
(/usr/local/texlive/2021/texmf-dist/tex/latex/graphics-cfg/graphics.cfg
File: graphics.cfg 2016/06/04 v1.11 sample graphics configuration
)
Package graphics Info: Driver file: pdftex.def on input line 105.

(/usr/local/texlive/2021/texmf-dist/tex/latex/graphics-def/pdftex.def
File: pdftex.def 2020/10/05 v1.2a Graphics/color driver for pdftex
))
\Gin@req@height=\dimen139
\Gin@req@width=\dimen140
)
(/usr/local/texlive/2021/texmf-dist/tex/latex/graphics/color.sty
Package: color 2020/02/24 v1.2b Standard LaTeX Color (DPC)

(/usr/local/texlive/2021/texmf-dist/tex/latex/graphics-cfg/color.cfg
File: color.cfg 2016/01/02 v1.6 sample color configuration
)
Package color Info: Driver file: pdftex.def on input line 147.
)
(/usr/local/texlive/2021/texmf-dist/tex/latex/hyperref/hyperref.sty
Package: hyperref 2021-02-27 v7.00k Hypertext links for LaTeX

(/usr/local/texlive/2021/texmf-dist/tex/generic/ltxcmds/ltxcmds.sty
Package: ltxcmds 2020-05-10 v1.25 LaTeX kernel commands for general use (HO)
)
(/usr/local/texlive/2021/texmf-dist/tex/generic/iftex/iftex.sty
Package: iftex 2020/03/06 v1.0d TeX engine tests
)
(/usr/local/texlive/2021/texmf-dist/tex/generic/pdftexcmds/pdftexcmds.sty
Package: pdftexcmds 2020-06-27 v0.33 Utility functions of pdfTeX for LuaTeX (HO
)

(/usr/local/texlive/2021/texmf-dist/tex/generic/infwarerr/infwarerr.sty
Package: infwarerr 2019/12/03 v1.5 Providing info/warning/error messages (HO)
)
Package pdftexcmds Info: \pdf@primitive is available.
Package pdftexcmds Info: \pdf@ifprimitive is available.
Package pdftexcmds Info: \pdfdraftmode found.
)
(/usr/local/texlive/2021/texmf-dist/tex/generic/kvsetkeys/kvsetkeys.sty
Package: kvsetkeys 2019/12/15 v1.18 Key value parser (HO)
)
(/usr/local/texlive/2021/texmf-dist/tex/generic/kvdefinekeys/kvdefinekeys.sty
Package: kvdefinekeys 2019-12-19 v1.6 Define keys (HO)
)
(/usr/local/texlive/2021/texmf-dist/tex/generic/pdfescape/pdfescape.sty
Package: pdfescape 2019/12/09 v1.15 Implements pdfTeX's escape features (HO)
)
(/usr/local/texlive/2021/texmf-dist/tex/latex/hycolor/hycolor.sty
Package: hycolor 2020-01-27 v1.10 Color options for hyperref/bookmark (HO)
)
(/usr/local/texlive/2021/texmf-dist/tex/latex/letltxmacro/letltxmacro.sty
Package: letltxmacro 2019/12/03 v1.6 Let assignment for LaTeX macros (HO)
)
(/usr/local/texlive/2021/texmf-dist/tex/latex/auxhook/auxhook.sty
Package: auxhook 2019-12-17 v1.6 Hooks for auxiliary files (HO)
)
(/usr/local/texlive/2021/texmf-dist/tex/latex/kvoptions/kvoptions.sty
Package: kvoptions 2020-10-07 v3.14 Key value format for package options (HO)
)
\@linkdim=\dimen141
\Hy@linkcounter=\count187
\Hy@pagecounter=\count188

(/usr/local/texlive/2021/texmf-dist/tex/latex/hyperref/pd1enc.def
File: pd1enc.def 2021-02-27 v7.00k Hyperref: PDFDocEncoding definition (HO)
Now handling font encoding PD1 ...
... no UTF-8 mapping file for font encoding PD1
)
(/usr/local/texlive/2021/texmf-dist/tex/latex/hyperref/hyperref-langpatches.def
File: hyperref-langpatches.def 2021-02-27 v7.00k Hyperref: patches for babel la
nguages
) (/usr/local/texlive/2021/texmf-dist/tex/generic/intcalc/intcalc.sty
Package: intcalc 2019/12/15 v1.3 Expandable calculations with integers (HO)
)
(/usr/local/texlive/2021/texmf-dist/tex/generic/etexcmds/etexcmds.sty
Package: etexcmds 2019/12/15 v1.7 Avoid name clashes with e-TeX commands (HO)
)
\Hy@SavedSpaceFactor=\count189

(/usr/local/texlive/2021/texmf-dist/tex/latex/hyperref/puenc.def
File: puenc.def 2021-02-27 v7.00k Hyperref: PDF Unicode definition (HO)
Now handling font encoding PU ...
... no UTF-8 mapping file for font encoding PU
)
Package hyperref Info: Hyper figures OFF on input line 4192.
Package hyperref Info: Link nesting OFF on input line 4197.
Package hyperref Info: Hyper index ON on input line 4200.
Package hyperref Info: Plain pages OFF on input line 4207.
Package hyperref Info: Backreferencing OFF on input line 4212.
Package hyperref Info: Implicit mode ON; LaTeX internals redefined.
Package hyperref Info: Bookmarks ON on input line 4445.
\c@Hy@tempcnt=\count190

(/usr/local/texlive/2021/texmf-dist/tex/latex/url/url.sty
\Urlmuskip=\muskip16
Package: url 2013/09/16  ver 3.4  Verb mode for urls, etc.
)
LaTeX Info: Redefining \url on input line 4804.
\XeTeXLinkMargin=\dimen142

(/usr/local/texlive/2021/texmf-dist/tex/generic/bitset/bitset.sty
Package: bitset 2019/12/09 v1.3 Handle bit-vector datatype (HO)

(/usr/local/texlive/2021/texmf-dist/tex/generic/bigintcalc/bigintcalc.sty
Package: bigintcalc 2019/12/15 v1.5 Expandable calculations on big integers (HO
)
))
\Fld@menulength=\count191
\Field@Width=\dimen143
\Fld@charsize=\dimen144
Package hyperref Info: Hyper figures OFF on input line 6075.
Package hyperref Info: Link nesting OFF on input line 6080.
Package hyperref Info: Hyper index ON on input line 6083.
Package hyperref Info: backreferencing OFF on input line 6090.
Package hyperref Info: Link coloring OFF on input line 6095.
Package hyperref Info: Link coloring with OCG OFF on input line 6100.
Package hyperref Info: PDF/A mode OFF on input line 6105.
LaTeX Info: Redefining \ref on input line 6145.
LaTeX Info: Redefining \pageref on input line 6149.

(/usr/local/texlive/2021/texmf-dist/tex/latex/base/atbegshi-ltx.sty
Package: atbegshi-ltx 2020/08/17 v1.0a Emulation of the original atbegshi packa
ge
with kernel methods
)
\Hy@abspage=\count192
\c@Item=\count193
\c@Hfootnote=\count194
)
Package hyperref Info: Driver (autodetected): hpdftex.

(/usr/local/texlive/2021/texmf-dist/tex/latex/hyperref/hpdftex.def
File: hpdftex.def 2021-02-27 v7.00k Hyperref driver for pdfTeX

(/usr/local/texlive/2021/texmf-dist/tex/latex/base/atveryend-ltx.sty
Package: atveryend-ltx 2020/08/19 v1.0a Emulation of the original atvery packag
e
with kernel methods
)
\Fld@listcount=\count195
\c@bookmark@seq@number=\count196

(/usr/local/texlive/2021/texmf-dist/tex/latex/rerunfilecheck/rerunfilecheck.sty
Package: rerunfilecheck 2019/12/05 v1.9 Rerun checks for auxiliary files (HO)

(/usr/local/texlive/2021/texmf-dist/tex/generic/uniquecounter/uniquecounter.sty
Package: uniquecounter 2019/12/15 v1.4 Provide unlimited unique counter (HO)
)
Package uniquecounter Info: New unique counter `rerunfilecheck' on input line 2
86.
)
\Hy@SectionHShift=\skip49
) (/usr/local/texlive/2021/texmf-dist/tex/latex/amsmath/amsmath.sty
Package: amsmath 2020/09/23 v2.17i AMS math features
\@mathmargin=\skip50

For additional information on amsmath, use the `?' option.
(/usr/local/texlive/2021/texmf-dist/tex/latex/amsmath/amstext.sty
Package: amstext 2000/06/29 v2.01 AMS text

(/usr/local/texlive/2021/texmf-dist/tex/latex/amsmath/amsgen.sty
File: amsgen.sty 1999/11/30 v2.0 generic functions
\@emptytoks=\toks18
\ex@=\dimen145
))
(/usr/local/texlive/2021/texmf-dist/tex/latex/amsmath/amsbsy.sty
Package: amsbsy 1999/11/29 v1.2d Bold Symbols
\pmbraise@=\dimen146
)
(/usr/local/texlive/2021/texmf-dist/tex/latex/amsmath/amsopn.sty
Package: amsopn 2016/03/08 v2.02 operator names
)
\inf@bad=\count197
LaTeX Info: Redefining \frac on input line 234.
\uproot@=\count198
\leftroot@=\count199
LaTeX Info: Redefining \overline on input line 399.
\classnum@=\count266
\DOTSCASE@=\count267
LaTeX Info: Redefining \ldots on input line 496.
LaTeX Info: Redefining \dots on input line 499.
LaTeX Info: Redefining \cdots on input line 620.
\Mathstrutbox@=\box47
\strutbox@=\box48
\big@size=\dimen147
LaTeX Font Info:    Redeclaring font encoding OML on input line 743.
LaTeX Font Info:    Redeclaring font encoding OMS on input line 744.
\macc@depth=\count268
\c@MaxMatrixCols=\count269
\dotsspace@=\muskip17
\c@parentequation=\count270
\dspbrk@lvl=\count271
\tag@help=\toks19
\row@=\count272
\column@=\count273
\maxfields@=\count274
\andhelp@=\toks20
\eqnshift@=\dimen148
\alignsep@=\dimen149
\tagshift@=\dimen150
\tagwidth@=\dimen151
\totwidth@=\dimen152
\lineht@=\dimen153
\@envbody=\toks21
\multlinegap=\skip51
\multlinetaggap=\skip52
\mathdisplay@stack=\toks22
LaTeX Info: Redefining \[ on input line 2923.
LaTeX Info: Redefining \] on input line 2924.
)
(/usr/local/texlive/2021/texmf-dist/tex/latex/amsfonts/amsfonts.sty
Package: amsfonts 2013/01/14 v3.01 Basic AMSFonts support
\symAMSa=\mathgroup4
\symAMSb=\mathgroup5
LaTeX Font Info:    Redeclaring math symbol \hbar on input line 98.
LaTeX Font Info:    Overwriting math alphabet `\mathfrak' in version `bold'
(Font)                  U/euf/m/n --> U/euf/b/n on input line 106.
)
(/usr/local/texlive/2021/texmf-dist/tex/latex/epstopdf-pkg/epstopdf.sty
Package: epstopdf 2020-01-24 v2.11 Conversion with epstopdf on the fly (HO)

(/usr/local/texlive/2021/texmf-dist/tex/latex/grfext/grfext.sty
Package: grfext 2019/12/03 v1.3 Manage graphics extensions (HO)
)
(/usr/local/texlive/2021/texmf-dist/tex/latex/epstopdf-pkg/epstopdf-base.sty
Package: epstopdf-base 2020-01-24 v2.11 Base part for package epstopdf
Package epstopdf-base Info: Redefining graphics rule for `.eps' on input line 4
85.
Package grfext Info: Graphics extension search list:
(grfext)             [.pdf,.png,.jpg,.mps,.jpeg,.jbig2,.jb2,.PDF,.PNG,.JPG,.JPE
G,.JBIG2,.JB2,.eps]
(grfext)             \AppendGraphicsExtensions on input line 504.

(/usr/local/texlive/2021/texmf-dist/tex/latex/latexconfig/epstopdf-sys.cfg
File: epstopdf-sys.cfg 2010/07/13 v1.3 Configuration of (r)epstopdf for TeX Liv
e
)))
(/usr/local/texlive/2021/texmf-dist/tex/latex/xcolor/xcolor.sty
Package: xcolor 2016/05/11 v2.12 LaTeX color extensions (UK)

(/usr/local/texlive/2021/texmf-dist/tex/latex/graphics-cfg/color.cfg
File: color.cfg 2016/01/02 v1.6 sample color configuration
)
Package xcolor Info: Driver file: pdftex.def on input line 225.

(/usr/local/texlive/2021/texmf-dist/tex/latex/colortbl/colortbl.sty
Package: colortbl 2020/01/04 v1.0e Color table columns (DPC)

(/usr/local/texlive/2021/texmf-dist/tex/latex/tools/array.sty
Package: array 2020/10/01 v2.5c Tabular extension package (FMi)
\col@sep=\dimen154
\ar@mcellbox=\box49
\extrarowheight=\dimen155
\NC@list=\toks23
\extratabsurround=\skip53
\backup@length=\skip54
\ar@cellbox=\box50
)
\everycr=\toks24
\minrowclearance=\skip55
)
LaTeX Info: Redefining \color on input line 709.
\rownum=\count275
Package xcolor Info: Model `cmy' substituted by `cmy0' on input line 1348.
Package xcolor Info: Model `hsb' substituted by `rgb' on input line 1352.
Package xcolor Info: Model `RGB' extended on input line 1364.
Package xcolor Info: Model `HTML' substituted by `rgb' on input line 1366.
Package xcolor Info: Model `Hsb' substituted by `hsb' on input line 1367.
Package xcolor Info: Model `tHsb' substituted by `hsb' on input line 1368.
Package xcolor Info: Model `HSB' substituted by `hsb' on input line 1369.
Package xcolor Info: Model `Gray' substituted by `gray' on input line 1370.
Package xcolor Info: Model `wave' substituted by `hsb' on input line 1371.
) (./matlab.sty
Package: matlab 

(/usr/local/texlive/2021/texmf-dist/tex/latex/tools/verbatim.sty
Package: verbatim 2020-07-07 v1.5u LaTeX2e package for verbatim enhancements
\every@verbatim=\toks25
\verbatim@line=\toks26
\verbatim@in@stream=\read2
)
(/usr/local/texlive/2021/texmf-dist/tex/latex/fancyvrb/fancyvrb.sty
Package: fancyvrb 2021/01/20 v3.7 verbatim text (tvz,hv)
\FV@CodeLineNo=\count276
\FV@InFile=\read3
\FV@TabBox=\box51
\c@FancyVerbLine=\count277
\FV@StepNumber=\count278
\FV@OutFile=\write3
)
(/usr/local/texlive/2021/texmf-dist/tex/latex/base/alltt.sty
Package: alltt 1997/06/16 v2.0g defines alltt environment
)
(/usr/local/texlive/2021/texmf-dist/tex/latex/upquote/upquote.sty
Package: upquote 2012/04/19 v1.3 upright-quote and grave-accent glyphs in verba
tim

(/usr/local/texlive/2021/texmf-dist/tex/latex/base/textcomp.sty
Package: textcomp 2020/02/02 v2.0n Standard LaTeX package
))
(/usr/local/texlive/2021/texmf-dist/tex/latex/mdframed/mdframed.sty
Package: mdframed 2013/07/01 1.9b: mdframed

(/usr/local/texlive/2021/texmf-dist/tex/latex/l3packages/xparse/xparse.sty
(/usr/local/texlive/2021/texmf-dist/tex/latex/l3kernel/expl3.sty
Package: expl3 2021-02-18 L3 programming layer (loader) 

(/usr/local/texlive/2021/texmf-dist/tex/latex/l3backend/l3backend-pdftex.def
File: l3backend-pdftex.def 2021-03-18 L3 backend support: PDF output (pdfTeX)
\l__color_backend_stack_int=\count279
\l__pdf_internal_box=\box52
))
(/usr/local/texlive/2021/texmf-dist/tex/latex/l3packages/xparse/xparse-2020-10-
01.sty
(/usr/local/texlive/2021/texmf-dist/tex/latex/l3packages/xparse/xparse-generic.
tex))) (/usr/local/texlive/2021/texmf-dist/tex/latex/etoolbox/etoolbox.sty
Package: etoolbox 2020/10/05 v2.5k e-TeX tools for LaTeX (JAW)
\etb@tempcnta=\count280
)
(/usr/local/texlive/2021/texmf-dist/tex/latex/zref/zref-abspage.sty
Package: zref-abspage 2020-07-03 v2.32 Module abspage for zref (HO)

(/usr/local/texlive/2021/texmf-dist/tex/latex/zref/zref-base.sty
Package: zref-base 2020-07-03 v2.32 Module base for zref (HO)
Package zref Info: New property list: main on input line 764.
Package zref Info: New property: default on input line 765.
Package zref Info: New property: page on input line 766.
)
\c@abspage=\count281
Package zref Info: New property: abspage on input line 66.
)
(/usr/local/texlive/2021/texmf-dist/tex/latex/needspace/needspace.sty
Package: needspace 2010/09/12 v1.3d reserve vertical space
)
\mdf@templength=\skip56
\c@mdf@globalstyle@cnt=\count282
\mdf@skipabove@length=\skip57
\mdf@skipbelow@length=\skip58
\mdf@leftmargin@length=\skip59
\mdf@rightmargin@length=\skip60
\mdf@innerleftmargin@length=\skip61
\mdf@innerrightmargin@length=\skip62
\mdf@innertopmargin@length=\skip63
\mdf@innerbottommargin@length=\skip64
\mdf@splittopskip@length=\skip65
\mdf@splitbottomskip@length=\skip66
\mdf@outermargin@length=\skip67
\mdf@innermargin@length=\skip68
\mdf@linewidth@length=\skip69
\mdf@innerlinewidth@length=\skip70
\mdf@middlelinewidth@length=\skip71
\mdf@outerlinewidth@length=\skip72
\mdf@roundcorner@length=\skip73
\mdf@footenotedistance@length=\skip74
\mdf@userdefinedwidth@length=\skip75
\mdf@needspace@length=\skip76
\mdf@frametitleaboveskip@length=\skip77
\mdf@frametitlebelowskip@length=\skip78
\mdf@frametitlerulewidth@length=\skip79
\mdf@frametitleleftmargin@length=\skip80
\mdf@frametitlerightmargin@length=\skip81
\mdf@shadowsize@length=\skip82
\mdf@extratopheight@length=\skip83
\mdf@subtitleabovelinewidth@length=\skip84
\mdf@subtitlebelowlinewidth@length=\skip85
\mdf@subtitleaboveskip@length=\skip86
\mdf@subtitlebelowskip@length=\skip87
\mdf@subtitleinneraboveskip@length=\skip88
\mdf@subtitleinnerbelowskip@length=\skip89
\mdf@subsubtitleabovelinewidth@length=\skip90
\mdf@subsubtitlebelowlinewidth@length=\skip91
\mdf@subsubtitleaboveskip@length=\skip92
\mdf@subsubtitlebelowskip@length=\skip93
\mdf@subsubtitleinneraboveskip@length=\skip94
\mdf@subsubtitleinnerbelowskip@length=\skip95

(/usr/local/texlive/2021/texmf-dist/tex/latex/pgf/frontendlayer/tikz.sty
(/usr/local/texlive/2021/texmf-dist/tex/latex/pgf/basiclayer/pgf.sty
(/usr/local/texlive/2021/texmf-dist/tex/latex/pgf/utilities/pgfrcs.sty
(/usr/local/texlive/2021/texmf-dist/tex/generic/pgf/utilities/pgfutil-common.te
x
\pgfutil@everybye=\toks27
\pgfutil@tempdima=\dimen156
\pgfutil@tempdimb=\dimen157

(/usr/local/texlive/2021/texmf-dist/tex/generic/pgf/utilities/pgfutil-common-li
sts.tex))
(/usr/local/texlive/2021/texmf-dist/tex/generic/pgf/utilities/pgfutil-latex.def
\pgfutil@abb=\box53
) (/usr/local/texlive/2021/texmf-dist/tex/generic/pgf/utilities/pgfrcs.code.tex
(/usr/local/texlive/2021/texmf-dist/tex/generic/pgf/pgf.revision.tex)
Package: pgfrcs 2020/12/27 v3.1.8b (3.1.8b)
))
Package: pgf 2020/12/27 v3.1.8b (3.1.8b)

(/usr/local/texlive/2021/texmf-dist/tex/latex/pgf/basiclayer/pgfcore.sty
(/usr/local/texlive/2021/texmf-dist/tex/latex/pgf/systemlayer/pgfsys.sty
(/usr/local/texlive/2021/texmf-dist/tex/generic/pgf/systemlayer/pgfsys.code.tex
Package: pgfsys 2020/12/27 v3.1.8b (3.1.8b)
(/usr/local/texlive/2021/texmf-dist/tex/generic/pgf/utilities/pgfkeys.code.tex
\pgfkeys@pathtoks=\toks28
\pgfkeys@temptoks=\toks29

(/usr/local/texlive/2021/texmf-dist/tex/generic/pgf/utilities/pgfkeysfiltered.c
ode.tex
\pgfkeys@tmptoks=\toks30
))
\pgf@x=\dimen158
\pgf@y=\dimen159
\pgf@xa=\dimen160
\pgf@ya=\dimen161
\pgf@xb=\dimen162
\pgf@yb=\dimen163
\pgf@xc=\dimen164
\pgf@yc=\dimen165
\pgf@xd=\dimen166
\pgf@yd=\dimen167
\w@pgf@writea=\write4
\r@pgf@reada=\read4
\c@pgf@counta=\count283
\c@pgf@countb=\count284
\c@pgf@countc=\count285
\c@pgf@countd=\count286
\t@pgf@toka=\toks31
\t@pgf@tokb=\toks32
\t@pgf@tokc=\toks33
\pgf@sys@id@count=\count287

(/usr/local/texlive/2021/texmf-dist/tex/generic/pgf/systemlayer/pgf.cfg
File: pgf.cfg 2020/12/27 v3.1.8b (3.1.8b)
)
Driver file for pgf: pgfsys-pdftex.def

(/usr/local/texlive/2021/texmf-dist/tex/generic/pgf/systemlayer/pgfsys-pdftex.d
ef
File: pgfsys-pdftex.def 2020/12/27 v3.1.8b (3.1.8b)

(/usr/local/texlive/2021/texmf-dist/tex/generic/pgf/systemlayer/pgfsys-common-p
df.def
File: pgfsys-common-pdf.def 2020/12/27 v3.1.8b (3.1.8b)
)))
(/usr/local/texlive/2021/texmf-dist/tex/generic/pgf/systemlayer/pgfsyssoftpath.
code.tex
File: pgfsyssoftpath.code.tex 2020/12/27 v3.1.8b (3.1.8b)
\pgfsyssoftpath@smallbuffer@items=\count288
\pgfsyssoftpath@bigbuffer@items=\count289
)
(/usr/local/texlive/2021/texmf-dist/tex/generic/pgf/systemlayer/pgfsysprotocol.
code.tex
File: pgfsysprotocol.code.tex 2020/12/27 v3.1.8b (3.1.8b)
))
(/usr/local/texlive/2021/texmf-dist/tex/generic/pgf/basiclayer/pgfcore.code.tex
Package: pgfcore 2020/12/27 v3.1.8b (3.1.8b)
(/usr/local/texlive/2021/texmf-dist/tex/generic/pgf/math/pgfmath.code.tex
(/usr/local/texlive/2021/texmf-dist/tex/generic/pgf/math/pgfmathcalc.code.tex
(/usr/local/texlive/2021/texmf-dist/tex/generic/pgf/math/pgfmathutil.code.tex)
(/usr/local/texlive/2021/texmf-dist/tex/generic/pgf/math/pgfmathparser.code.tex
\pgfmath@dimen=\dimen168
\pgfmath@count=\count290
\pgfmath@box=\box54
\pgfmath@toks=\toks34
\pgfmath@stack@operand=\toks35
\pgfmath@stack@operation=\toks36
)
(/usr/local/texlive/2021/texmf-dist/tex/generic/pgf/math/pgfmathfunctions.code.
tex
(/usr/local/texlive/2021/texmf-dist/tex/generic/pgf/math/pgfmathfunctions.basic
.code.tex)
(/usr/local/texlive/2021/texmf-dist/tex/generic/pgf/math/pgfmathfunctions.trigo
nometric.code.tex)
(/usr/local/texlive/2021/texmf-dist/tex/generic/pgf/math/pgfmathfunctions.rando
m.code.tex)
(/usr/local/texlive/2021/texmf-dist/tex/generic/pgf/math/pgfmathfunctions.compa
rison.code.tex)
(/usr/local/texlive/2021/texmf-dist/tex/generic/pgf/math/pgfmathfunctions.base.
code.tex)
(/usr/local/texlive/2021/texmf-dist/tex/generic/pgf/math/pgfmathfunctions.round
.code.tex)
(/usr/local/texlive/2021/texmf-dist/tex/generic/pgf/math/pgfmathfunctions.misc.
code.tex)
(/usr/local/texlive/2021/texmf-dist/tex/generic/pgf/math/pgfmathfunctions.integ
erarithmetics.code.tex)))
(/usr/local/texlive/2021/texmf-dist/tex/generic/pgf/math/pgfmathfloat.code.tex
\c@pgfmathroundto@lastzeros=\count291
)) (/usr/local/texlive/2021/texmf-dist/tex/generic/pgf/math/pgfint.code.tex)
(/usr/local/texlive/2021/texmf-dist/tex/generic/pgf/basiclayer/pgfcorepoints.co
de.tex
File: pgfcorepoints.code.tex 2020/12/27 v3.1.8b (3.1.8b)
\pgf@picminx=\dimen169
\pgf@picmaxx=\dimen170
\pgf@picminy=\dimen171
\pgf@picmaxy=\dimen172
\pgf@pathminx=\dimen173
\pgf@pathmaxx=\dimen174
\pgf@pathminy=\dimen175
\pgf@pathmaxy=\dimen176
\pgf@xx=\dimen177
\pgf@xy=\dimen178
\pgf@yx=\dimen179
\pgf@yy=\dimen180
\pgf@zx=\dimen181
\pgf@zy=\dimen182
)
(/usr/local/texlive/2021/texmf-dist/tex/generic/pgf/basiclayer/pgfcorepathconst
ruct.code.tex
File: pgfcorepathconstruct.code.tex 2020/12/27 v3.1.8b (3.1.8b)
\pgf@path@lastx=\dimen183
\pgf@path@lasty=\dimen184
)
(/usr/local/texlive/2021/texmf-dist/tex/generic/pgf/basiclayer/pgfcorepathusage
.code.tex
File: pgfcorepathusage.code.tex 2020/12/27 v3.1.8b (3.1.8b)
\pgf@shorten@end@additional=\dimen185
\pgf@shorten@start@additional=\dimen186
)
(/usr/local/texlive/2021/texmf-dist/tex/generic/pgf/basiclayer/pgfcorescopes.co
de.tex
File: pgfcorescopes.code.tex 2020/12/27 v3.1.8b (3.1.8b)
\pgfpic=\box55
\pgf@hbox=\box56
\pgf@layerbox@main=\box57
\pgf@picture@serial@count=\count292
)
(/usr/local/texlive/2021/texmf-dist/tex/generic/pgf/basiclayer/pgfcoregraphicst
ate.code.tex
File: pgfcoregraphicstate.code.tex 2020/12/27 v3.1.8b (3.1.8b)
\pgflinewidth=\dimen187
)
(/usr/local/texlive/2021/texmf-dist/tex/generic/pgf/basiclayer/pgfcoretransform
ations.code.tex
File: pgfcoretransformations.code.tex 2020/12/27 v3.1.8b (3.1.8b)
\pgf@pt@x=\dimen188
\pgf@pt@y=\dimen189
\pgf@pt@temp=\dimen190
)
(/usr/local/texlive/2021/texmf-dist/tex/generic/pgf/basiclayer/pgfcorequick.cod
e.tex
File: pgfcorequick.code.tex 2020/12/27 v3.1.8b (3.1.8b)
)
(/usr/local/texlive/2021/texmf-dist/tex/generic/pgf/basiclayer/pgfcoreobjects.c
ode.tex
File: pgfcoreobjects.code.tex 2020/12/27 v3.1.8b (3.1.8b)
)
(/usr/local/texlive/2021/texmf-dist/tex/generic/pgf/basiclayer/pgfcorepathproce
ssing.code.tex
File: pgfcorepathprocessing.code.tex 2020/12/27 v3.1.8b (3.1.8b)
)
(/usr/local/texlive/2021/texmf-dist/tex/generic/pgf/basiclayer/pgfcorearrows.co
de.tex
File: pgfcorearrows.code.tex 2020/12/27 v3.1.8b (3.1.8b)
\pgfarrowsep=\dimen191
)
(/usr/local/texlive/2021/texmf-dist/tex/generic/pgf/basiclayer/pgfcoreshade.cod
e.tex
File: pgfcoreshade.code.tex 2020/12/27 v3.1.8b (3.1.8b)
\pgf@max=\dimen192
\pgf@sys@shading@range@num=\count293
\pgf@shadingcount=\count294
)
(/usr/local/texlive/2021/texmf-dist/tex/generic/pgf/basiclayer/pgfcoreimage.cod
e.tex
File: pgfcoreimage.code.tex 2020/12/27 v3.1.8b (3.1.8b)

(/usr/local/texlive/2021/texmf-dist/tex/generic/pgf/basiclayer/pgfcoreexternal.
code.tex
File: pgfcoreexternal.code.tex 2020/12/27 v3.1.8b (3.1.8b)
\pgfexternal@startupbox=\box58
))
(/usr/local/texlive/2021/texmf-dist/tex/generic/pgf/basiclayer/pgfcorelayers.co
de.tex
File: pgfcorelayers.code.tex 2020/12/27 v3.1.8b (3.1.8b)
)
(/usr/local/texlive/2021/texmf-dist/tex/generic/pgf/basiclayer/pgfcoretranspare
ncy.code.tex
File: pgfcoretransparency.code.tex 2020/12/27 v3.1.8b (3.1.8b)
)
(/usr/local/texlive/2021/texmf-dist/tex/generic/pgf/basiclayer/pgfcorepatterns.
code.tex
File: pgfcorepatterns.code.tex 2020/12/27 v3.1.8b (3.1.8b)
)
(/usr/local/texlive/2021/texmf-dist/tex/generic/pgf/basiclayer/pgfcorerdf.code.
tex
File: pgfcorerdf.code.tex 2020/12/27 v3.1.8b (3.1.8b)
)))
(/usr/local/texlive/2021/texmf-dist/tex/generic/pgf/modules/pgfmoduleshapes.cod
e.tex
File: pgfmoduleshapes.code.tex 2020/12/27 v3.1.8b (3.1.8b)
\pgfnodeparttextbox=\box59
)
(/usr/local/texlive/2021/texmf-dist/tex/generic/pgf/modules/pgfmoduleplot.code.
tex
File: pgfmoduleplot.code.tex 2020/12/27 v3.1.8b (3.1.8b)
)
(/usr/local/texlive/2021/texmf-dist/tex/latex/pgf/compatibility/pgfcomp-version
-0-65.sty
Package: pgfcomp-version-0-65 2020/12/27 v3.1.8b (3.1.8b)
\pgf@nodesepstart=\dimen193
\pgf@nodesepend=\dimen194
)
(/usr/local/texlive/2021/texmf-dist/tex/latex/pgf/compatibility/pgfcomp-version
-1-18.sty
Package: pgfcomp-version-1-18 2020/12/27 v3.1.8b (3.1.8b)
))
(/usr/local/texlive/2021/texmf-dist/tex/latex/pgf/utilities/pgffor.sty
(/usr/local/texlive/2021/texmf-dist/tex/latex/pgf/utilities/pgfkeys.sty
(/usr/local/texlive/2021/texmf-dist/tex/generic/pgf/utilities/pgfkeys.code.tex)
) (/usr/local/texlive/2021/texmf-dist/tex/latex/pgf/math/pgfmath.sty
(/usr/local/texlive/2021/texmf-dist/tex/generic/pgf/math/pgfmath.code.tex))
(/usr/local/texlive/2021/texmf-dist/tex/generic/pgf/utilities/pgffor.code.tex
Package: pgffor 2020/12/27 v3.1.8b (3.1.8b)

(/usr/local/texlive/2021/texmf-dist/tex/generic/pgf/math/pgfmath.code.tex)
\pgffor@iter=\dimen195
\pgffor@skip=\dimen196
\pgffor@stack=\toks37
\pgffor@toks=\toks38
))
(/usr/local/texlive/2021/texmf-dist/tex/generic/pgf/frontendlayer/tikz/tikz.cod
e.tex
Package: tikz 2020/12/27 v3.1.8b (3.1.8b)

(/usr/local/texlive/2021/texmf-dist/tex/generic/pgf/libraries/pgflibraryplothan
dlers.code.tex
File: pgflibraryplothandlers.code.tex 2020/12/27 v3.1.8b (3.1.8b)
\pgf@plot@mark@count=\count295
\pgfplotmarksize=\dimen197
)
\tikz@lastx=\dimen198
\tikz@lasty=\dimen199
\tikz@lastxsaved=\dimen256
\tikz@lastysaved=\dimen257
\tikz@lastmovetox=\dimen258
\tikz@lastmovetoy=\dimen259
\tikzleveldistance=\dimen260
\tikzsiblingdistance=\dimen261
\tikz@figbox=\box60
\tikz@figbox@bg=\box61
\tikz@tempbox=\box62
\tikz@tempbox@bg=\box63
\tikztreelevel=\count296
\tikznumberofchildren=\count297
\tikznumberofcurrentchild=\count298
\tikz@fig@count=\count299

(/usr/local/texlive/2021/texmf-dist/tex/generic/pgf/modules/pgfmodulematrix.cod
e.tex
File: pgfmodulematrix.code.tex 2020/12/27 v3.1.8b (3.1.8b)
\pgfmatrixcurrentrow=\count300
\pgfmatrixcurrentcolumn=\count301
\pgf@matrix@numberofcolumns=\count302
)
\tikz@expandcount=\count303

(/usr/local/texlive/2021/texmf-dist/tex/generic/pgf/frontendlayer/tikz/librarie
s/tikzlibrarytopaths.code.tex
File: tikzlibrarytopaths.code.tex 2020/12/27 v3.1.8b (3.1.8b)
)))
(/usr/local/texlive/2021/texmf-dist/tex/latex/mdframed/md-frame-1.mdf
File: md-frame-1.mdf 2013/07/01\ 1.9b: md-frame-1
)
\mdf@frametitlebox=\box64
\mdf@footnotebox=\box65
\mdf@splitbox@one=\box66
\mdf@splitbox@two=\box67
\mdf@splitbox@save=\box68
\mdfsplitboxwidth=\skip96
\mdfsplitboxtotalwidth=\skip97
\mdfsplitboxheight=\skip98
\mdfsplitboxdepth=\skip99
\mdfsplitboxtotalheight=\skip100
\mdfframetitleboxwidth=\skip101
\mdfframetitleboxtotalwidth=\skip102
\mdfframetitleboxheight=\skip103
\mdfframetitleboxdepth=\skip104
\mdfframetitleboxtotalheight=\skip105
\mdffootnoteboxwidth=\skip106
\mdffootnoteboxtotalwidth=\skip107
\mdffootnoteboxheight=\skip108
\mdffootnoteboxdepth=\skip109
\mdffootnoteboxtotalheight=\skip110
\mdftotallinewidth=\skip111
\mdfboundingboxwidth=\skip112
\mdfboundingboxtotalwidth=\skip113
\mdfboundingboxheight=\skip114
\mdfboundingboxdepth=\skip115
\mdfboundingboxtotalheight=\skip116
\mdf@freevspace@length=\skip117
\mdf@horizontalwidthofbox@length=\skip118
\mdf@verticalmarginwhole@length=\skip119
\mdf@horizontalspaceofbox=\skip120
\mdfsubtitleheight=\skip121
\mdfsubsubtitleheight=\skip122
\c@mdfcountframes=\count304

****** mdframed patching \endmdf@trivlist

****** -- success******

\mdf@envdepth=\count305
\c@mdf@env@i=\count306
\c@mdf@env@ii=\count307
\c@mdf@zref@counter=\count308
Package zref Info: New property: mdf@pagevalue on input line 895.
)
   defining Unicode char U+B0 (decimal 176)
   defining Unicode char U+21B5 (decimal 8629)
Package hyperref Info: Option `colorlinks' set `true' on input line 30.
\c@multititle=\count309
\c@hastoc=\count310
)
LaTeX Font Info:    Trying to load font information for T1+lmr on input line 22
.

(/usr/local/texlive/2021/texmf-dist/tex/latex/lm/t1lmr.fd
File: t1lmr.fd 2015/05/01 v1.6.1 Font defs for Latin Modern
)
(./sector_analysis_1year.aux)
\openout1 = `sector_analysis_1year.aux'.

LaTeX Font Info:    Checking defaults for OML/cmm/m/it on input line 22.
LaTeX Font Info:    ... okay on input line 22.
LaTeX Font Info:    Checking defaults for OMS/cmsy/m/n on input line 22.
LaTeX Font Info:    ... okay on input line 22.
LaTeX Font Info:    Checking defaults for OT1/cmr/m/n on input line 22.
LaTeX Font Info:    ... okay on input line 22.
LaTeX Font Info:    Checking defaults for T1/cmr/m/n on input line 22.
LaTeX Font Info:    ... okay on input line 22.
LaTeX Font Info:    Checking defaults for TS1/cmr/m/n on input line 22.
LaTeX Font Info:    ... okay on input line 22.
LaTeX Font Info:    Checking defaults for OMX/cmex/m/n on input line 22.
LaTeX Font Info:    ... okay on input line 22.
LaTeX Font Info:    Checking defaults for U/cmr/m/n on input line 22.
LaTeX Font Info:    ... okay on input line 22.
LaTeX Font Info:    Checking defaults for PD1/pdf/m/n on input line 22.
LaTeX Font Info:    ... okay on input line 22.
LaTeX Font Info:    Checking defaults for PU/pdf/m/n on input line 22.
LaTeX Font Info:    ... okay on input line 22.

(/usr/local/texlive/2021/texmf-dist/tex/context/base/mkii/supp-pdf.mkii
[Loading MPS to PDF converter (version 2006.09.02).]
\scratchcounter=\count311
\scratchdimen=\dimen262
\scratchbox=\box69
\nofMPsegments=\count312
\nofMParguments=\count313
\everyMPshowfont=\toks39
\MPscratchCnt=\count314
\MPscratchDim=\dimen263
\MPnumerator=\count315
\makeMPintoPDFobject=\count316
\everyMPtoPDFconversion=\toks40
)
Package hyperref Info: Link coloring ON on input line 22.
 (/usr/local/texlive/2021/texmf-dist/tex/latex/hyperref/nameref.sty
Package: nameref 2021-04-02 v2.47 Cross-referencing by name of section

(/usr/local/texlive/2021/texmf-dist/tex/latex/refcount/refcount.sty
Package: refcount 2019/12/15 v3.6 Data extraction from label references (HO)
)
(/usr/local/texlive/2021/texmf-dist/tex/generic/gettitlestring/gettitlestring.s
ty
Package: gettitlestring 2019/12/15 v1.6 Cleanup title references (HO)
)
\c@section@level=\count317
)
LaTeX Info: Redefining \ref on input line 22.
LaTeX Info: Redefining \pageref on input line 22.
LaTeX Info: Redefining \nameref on input line 22.
 (./sector_analysis_1year.out) (./sector_analysis_1year.out)
\@outlinefile=\write5
\openout5 = `sector_analysis_1year.out'.

LaTeX Font Info:    Trying to load font information for T1+lmtt on input line 1
06.

(/usr/local/texlive/2021/texmf-dist/tex/latex/lm/t1lmtt.fd
File: t1lmtt.fd 2015/05/01 v1.6.1 Font defs for Latin Modern
)
LaTeX Font Info:    Trying to load font information for TS1+lmtt on input line 
116.

(/usr/local/texlive/2021/texmf-dist/tex/latex/lm/ts1lmtt.fd
File: ts1lmtt.fd 2015/05/01 v1.6.1 Font defs for Latin Modern
) [1

{/usr/local/texlive/2021/texmf-var/fonts/map/pdftex/updmap/pdftex.map}]
Overfull \hbox (217.54842pt too wide) in paragraph at lines 136--136
[]    \T1/lmtt/m/n/10 axesm miller; %, eqaazim eqdazim vperspec, eqdazim flips 
the x-axis, and y-axis to eqaazim. cassini[] 
 []


Overfull \hbox (159.79858pt too wide) in paragraph at lines 153--153
[]    \T1/lmtt/m/n/10 title(strcat("AICE in the ", sector_name(sector)), \TS1/l
mtt/m/n/10 '\T1/lmtt/m/n/10 interpreter\TS1/lmtt/m/n/10 '\T1/lmtt/m/n/10 ,\TS1/
lmtt/m/n/10 '\T1/lmtt/m/n/10 latex\TS1/lmtt/m/n/10 '\T1/lmtt/m/n/10 ,\TS1/lmtt/
m/n/10 '\T1/lmtt/m/n/10 FontSize\TS1/lmtt/m/n/10 '\T1/lmtt/m/n/10 , 14)[] 
 []

<./sector_analysis_1year_images//figure_0.png, id=34, 562.1pt x 421.575pt>
File: ./sector_analysis_1year_images//figure_0.png Graphic file (type png)
<use ./sector_analysis_1year_images//figure_0.png>
Package pdftex.def Info: ./sector_analysis_1year_images//figure_0.png  used on 
input line 156.
(pdftex.def)             Requested size: 345.0pt x 258.74924pt.
[2]
Package mdframed Info: Not enough space on this page on input line 189.
 [3 <./sector_analysis_1year_images//figure_0.png>]
Package mdframed Info: Not enough space on this page on input line 189.
LaTeX Font Info:    Trying to load font information for OT1+lmr on input line 1
96.

(/usr/local/texlive/2021/texmf-dist/tex/latex/lm/ot1lmr.fd
File: ot1lmr.fd 2015/05/01 v1.6.1 Font defs for Latin Modern
)
LaTeX Font Info:    Trying to load font information for OML+lmm on input line 1
96.

(/usr/local/texlive/2021/texmf-dist/tex/latex/lm/omllmm.fd
File: omllmm.fd 2015/05/01 v1.6.1 Font defs for Latin Modern
)
LaTeX Font Info:    Trying to load font information for OMS+lmsy on input line 
196.

(/usr/local/texlive/2021/texmf-dist/tex/latex/lm/omslmsy.fd
File: omslmsy.fd 2015/05/01 v1.6.1 Font defs for Latin Modern
)
LaTeX Font Info:    Trying to load font information for OMX+lmex on input line 
196.

(/usr/local/texlive/2021/texmf-dist/tex/latex/lm/omxlmex.fd
File: omxlmex.fd 2015/05/01 v1.6.1 Font defs for Latin Modern
)
LaTeX Font Info:    External font `lmex10' loaded for size
(Font)              <10> on input line 196.
LaTeX Font Info:    External font `lmex10' loaded for size
(Font)              <7> on input line 196.
LaTeX Font Info:    External font `lmex10' loaded for size
(Font)              <5> on input line 196.
LaTeX Font Info:    Trying to load font information for U+msa on input line 196
.

(/usr/local/texlive/2021/texmf-dist/tex/latex/amsfonts/umsa.fd
File: umsa.fd 2013/01/14 v3.01 AMS symbols A
)
LaTeX Font Info:    Trying to load font information for U+msb on input line 196
.

(/usr/local/texlive/2021/texmf-dist/tex/latex/amsfonts/umsb.fd
File: umsb.fd 2013/01/14 v3.01 AMS symbols B
)
Overfull \hbox (96.79877pt too wide) in paragraph at lines 208--208
[]\T1/lmtt/m/n/10 data = data(:,:,1) + data(:,:,2); % Smallest 2 categories com
bined (ie. pancake)[] 
 []


Overfull \hbox (86.2988pt too wide) in paragraph at lines 213--213
[]    \T1/lmtt/m/n/10 [lat_out(i),lon_out(i)] = lat_lon_finder(coords(i,1),coor
ds(i,2),lat,lon);[] 
 []


Overfull \hbox (49.5489pt too wide) in paragraph at lines 220--220
[]    \T1/lmtt/m/n/10 sector_mask(lon_out(1):lon_out(3), lat_out(1)-i:lat_out(3
)) = true;[] 
 []


Overfull \hbox (301.54817pt too wide) in paragraph at lines 221--221
[]    \T1/lmtt/m/n/10 sector_data(lon_out(1):lon_out(3), lat_out(1)-i:lat_out(3
)) = data(lon_out(1):lon_out(3), lat_out(1)-i:lat_out(3));[] 
 []


Overfull \hbox (217.54842pt too wide) in paragraph at lines 229--229
[]    \T1/lmtt/m/n/10 axesm miller; %, eqaazim eqdazim vperspec, eqdazim flips 
the x-axis, and y-axis to eqaazim. cassini[] 
 []


Overfull \hbox (275.29825pt too wide) in paragraph at lines 246--246
[]    \T1/lmtt/m/n/10 title(strcat("Pancakce ice concentration in the ", sector
_name(sector)), \TS1/lmtt/m/n/10 '\T1/lmtt/m/n/10 interpreter\TS1/lmtt/m/n/10 '
\T1/lmtt/m/n/10 ,\TS1/lmtt/m/n/10 '\T1/lmtt/m/n/10 latex\TS1/lmtt/m/n/10 '\T1/l
mtt/m/n/10 ,\TS1/lmtt/m/n/10 '\T1/lmtt/m/n/10 FontSize\TS1/lmtt/m/n/10 '\T1/lmt
t/m/n/10 , 14)[] 
 []

[4]
<./sector_analysis_1year_images//figure_1.png, id=53, 562.1pt x 421.575pt>
File: ./sector_analysis_1year_images//figure_1.png Graphic file (type png)
<use ./sector_analysis_1year_images//figure_1.png>
Package pdftex.def Info: ./sector_analysis_1year_images//figure_1.png  used on 
input line 249.
(pdftex.def)             Requested size: 345.0pt x 258.74924pt.

Overfull \hbox (7.54903pt too wide) in paragraph at lines 262--262
[]\T1/lmtt/m/n/10 transect_coords = [coords(1,1), (coords(1,2) + coords(3,2))/2
];[] 
 []


Overfull \hbox (138.79865pt too wide) in paragraph at lines 269--269
[]\T1/lmtt/m/n/10 data_pancake = data(:,:,1) + data(:,:,2); % Smallest 2 catego
ries combined (ie. pancake)[] 
 []


Overfull \hbox (86.2988pt too wide) in paragraph at lines 274--274
[]    \T1/lmtt/m/n/10 [lat_out(i),lon_out(i)] = lat_lon_finder(coords(i,1),coor
ds(i,2),lat,lon);[] 
 []


Overfull \hbox (49.5489pt too wide) in paragraph at lines 281--281
[]    \T1/lmtt/m/n/10 sector_mask(lon_out(1):lon_out(3), lat_out(1)-i:lat_out(3
)) = true;[] 
 []


Overfull \hbox (343.54805pt too wide) in paragraph at lines 282--282
[]    \T1/lmtt/m/n/10 sector_data(lon_out(1):lon_out(3), lat_out(1)-i:lat_out(3
)) = data_pancake(lon_out(1):lon_out(3), lat_out(1)-i:lat_out(3));[] 
 []


Overfull \hbox (117.7987pt too wide) in paragraph at lines 285--285
[]\T1/lmtt/m/n/10 [lat_tran,lon_tran] = lat_lon_finder(transect_coords(1),trans
ect_coords(2),lat,lon);[] 
 []


Overfull \hbox (107.29874pt too wide) in paragraph at lines 321--321
[]    \T1/lmtt/m/n/10 transect_fsd_subset_threshold = transect_fsd_subset(:,tra
nsect_fsd_threshold);[] 
 []


Overfull \hbox (81.04881pt too wide) in paragraph at lines 328--328
[]\T1/lmtt/m/n/10 joyPlot(transect_fsd_data\TS1/lmtt/m/n/10 '\T1/lmtt/m/n/10 ,1
:wid,0.01,\TS1/lmtt/m/n/10 '\T1/lmtt/m/n/10 FaceColor\TS1/lmtt/m/n/10 '\T1/lmtt
/m/n/10 ,\TS1/lmtt/m/n/10 '\T1/lmtt/m/n/10 position\TS1/lmtt/m/n/10 '\T1/lmtt/m
/n/10 ,\TS1/lmtt/m/n/10 '\T1/lmtt/m/n/10 FaceAlpha\TS1/lmtt/m/n/10 '\T1/lmtt/m/
n/10 ,0.6)[] 
 []

[5 <./sector_analysis_1year_images//figure_1.png>] [6]
Package epstopdf Info: Source file: <./sector_analysis_1year_images//figure_2.e
ps>
(epstopdf)                    date: 2022-01-31 09:35:48
(epstopdf)                    size: 34226 bytes
(epstopdf)             Output file: <./figure_2-eps-converted-to.pdf>
(epstopdf)                    date: 2022-01-31 09:40:53
(epstopdf)                    size: 30836 bytes
(epstopdf)             Command: <repstopdf --outfile=./figure_2-eps-converted-t
o.pdf ./sector_analysis_1year_images//figure_2.eps>
(epstopdf)             \includegraphics on input line 343.
Package epstopdf Info: Output file is already uptodate.
<./figure_2-eps-converted-to.pdf, id=65, 562.1pt x 421.575pt>
File: ./figure_2-eps-converted-to.pdf Graphic file (type pdf)
<use ./figure_2-eps-converted-to.pdf>
Package pdftex.def Info: ./figure_2-eps-converted-to.pdf  used on input line 34
3.
(pdftex.def)             Requested size: 345.0pt x 258.74924pt.
 [7]
Overfull \hbox (217.54842pt too wide) in paragraph at lines 369--369
[]    \T1/lmtt/m/n/10 axesm miller; %, eqaazim eqdazim vperspec, eqdazim flips 
the x-axis, and y-axis to eqaazim. cassini[] 
 []


Overfull \hbox (170.29855pt too wide) in paragraph at lines 386--386
[]    \T1/lmtt/m/n/10 title(strcat("FSDRAD in the ", sector_name(sector)), \TS1
/lmtt/m/n/10 '\T1/lmtt/m/n/10 interpreter\TS1/lmtt/m/n/10 '\T1/lmtt/m/n/10 ,\TS
1/lmtt/m/n/10 '\T1/lmtt/m/n/10 latex\TS1/lmtt/m/n/10 '\T1/lmtt/m/n/10 ,\TS1/lmt
t/m/n/10 '\T1/lmtt/m/n/10 FontSize\TS1/lmtt/m/n/10 '\T1/lmtt/m/n/10 , 14)[] 
 []

[8 <./figure_2-eps-converted-to.pdf>]
<./sector_analysis_1year_images//figure_3.png, id=79, 562.1pt x 421.575pt>
File: ./sector_analysis_1year_images//figure_3.png Graphic file (type png)
<use ./sector_analysis_1year_images//figure_3.png>
Package pdftex.def Info: ./sector_analysis_1year_images//figure_3.png  used on 
input line 389.
(pdftex.def)             Requested size: 345.0pt x 258.74924pt.

Overfull \hbox (228.04839pt too wide) in paragraph at lines 402--402
[]\T1/lmtt/m/n/10 %     axesm miller; %, eqaazim eqdazim vperspec, eqdazim flip
s the x-axis, and y-axis to eqaazim. cassini[] 
 []


Overfull \hbox (180.79852pt too wide) in paragraph at lines 419--419
[]\T1/lmtt/m/n/10 %     title(strcat("FSDRAD in the ", sector_name(sector)), \T
S1/lmtt/m/n/10 '\T1/lmtt/m/n/10 interpreter\TS1/lmtt/m/n/10 '\T1/lmtt/m/n/10 ,\
TS1/lmtt/m/n/10 '\T1/lmtt/m/n/10 latex\TS1/lmtt/m/n/10 '\T1/lmtt/m/n/10 ,\TS1/l
mtt/m/n/10 '\T1/lmtt/m/n/10 FontSize\TS1/lmtt/m/n/10 '\T1/lmtt/m/n/10 , 14)[] 
 []

[9 <./sector_analysis_1year_images//figure_3.png>]
Overfull \hbox (207.04845pt too wide) in paragraph at lines 449--449
[]\T1/lmtt/m/n/10 % axesm miller; %, eqaazim eqdazim vperspec, eqdazim flips th
e x-axis, and y-axis to eqaazim. cassini[] 
 []


Overfull \hbox (233.29837pt too wide) in paragraph at lines 466--466
[]\T1/lmtt/m/n/10 % title(strcat("FSDRAD (calculation) in the ", sector_name(se
ctor)), \TS1/lmtt/m/n/10 '\T1/lmtt/m/n/10 interpreter\TS1/lmtt/m/n/10 '\T1/lmtt
/m/n/10 ,\TS1/lmtt/m/n/10 '\T1/lmtt/m/n/10 latex\TS1/lmtt/m/n/10 '\T1/lmtt/m/n/
10 ,\TS1/lmtt/m/n/10 '\T1/lmtt/m/n/10 FontSize\TS1/lmtt/m/n/10 '\T1/lmtt/m/n/10
 , 14)[] 
 []

[10]
Overfull \hbox (44.29892pt too wide) in paragraph at lines 486--486
[]    \T1/lmtt/m/n/10 filename = strcat("cases/",case_name,"/history/iceh.",dat
e,".nc");[] 
 []


Overfull \hbox (217.54842pt too wide) in paragraph at lines 505--505
[]    \T1/lmtt/m/n/10 axesm miller; %, eqaazim eqdazim vperspec, eqdazim flips 
the x-axis, and y-axis to eqaazim. cassini[] 
 []


Overfull \hbox (280.54823pt too wide) in paragraph at lines 522--522
[]    \T1/lmtt/m/n/10 title(strcat("Mean SWH in the ", sector_name(sector), " o
ver September"), \TS1/lmtt/m/n/10 '\T1/lmtt/m/n/10 interpreter\TS1/lmtt/m/n/10 
'\T1/lmtt/m/n/10 ,\TS1/lmtt/m/n/10 '\T1/lmtt/m/n/10 latex\TS1/lmtt/m/n/10 '\T1/
lmtt/m/n/10 ,\TS1/lmtt/m/n/10 '\T1/lmtt/m/n/10 FontSize\TS1/lmtt/m/n/10 '\T1/lm
tt/m/n/10 , 14)[] 
 []

[11]
<./sector_analysis_1year_images//figure_4.png, id=94, 562.1pt x 421.575pt>
File: ./sector_analysis_1year_images//figure_4.png Graphic file (type png)
<use ./sector_analysis_1year_images//figure_4.png>
Package pdftex.def Info: ./sector_analysis_1year_images//figure_4.png  used on 
input line 525.
(pdftex.def)             Requested size: 345.0pt x 258.74924pt.
 [12]
Overfull \hbox (217.54842pt too wide) in paragraph at lines 560--560
[]    \T1/lmtt/m/n/10 axesm miller; %, eqaazim eqdazim vperspec, eqdazim flips 
the x-axis, and y-axis to eqaazim. cassini[] 
 []


Overfull \hbox (191.2985pt too wide) in paragraph at lines 575--575
[]    \T1/lmtt/m/n/10 title(strcat("Ice velocity (m/s)", sector_name(sector)), 
\TS1/lmtt/m/n/10 '\T1/lmtt/m/n/10 interpreter\TS1/lmtt/m/n/10 '\T1/lmtt/m/n/10 
,\TS1/lmtt/m/n/10 '\T1/lmtt/m/n/10 latex\TS1/lmtt/m/n/10 '\T1/lmtt/m/n/10 ,\TS1
/lmtt/m/n/10 '\T1/lmtt/m/n/10 FontSize\TS1/lmtt/m/n/10 '\T1/lmtt/m/n/10 , 14)[]
 
 []

[13 <./sector_analysis_1year_images//figure_4.png>]
<./sector_analysis_1year_images//figure_5.png, id=107, 562.1pt x 421.575pt>
File: ./sector_analysis_1year_images//figure_5.png Graphic file (type png)
<use ./sector_analysis_1year_images//figure_5.png>
Package pdftex.def Info: ./sector_analysis_1year_images//figure_5.png  used on 
input line 578.
(pdftex.def)             Requested size: 345.0pt x 258.74924pt.

Overfull \hbox (254.29831pt too wide) in paragraph at lines 596--596
[]\T1/lmtt/m/n/10 quiverwcolorbar(lon1\TS1/lmtt/m/n/10 '\T1/lmtt/m/n/10 ,-lat1\
TS1/lmtt/m/n/10 '\T1/lmtt/m/n/10 ,deltalon_ice_vec\TS1/lmtt/m/n/10 '\T1/lmtt/m/
n/10 ,-deltalat_ice_vec\TS1/lmtt/m/n/10 '\T1/lmtt/m/n/10 ,scale,\TS1/lmtt/m/n/1
0 '\T1/lmtt/m/n/10 bounds\TS1/lmtt/m/n/10 '\T1/lmtt/m/n/10 ,[min(mag_ice) max(m
ag_ice)]);[] 
 []

[14 <./sector_analysis_1year_images//figure_5.png>]
Package mdframed Info: Not enough space on this page on input line 597.
Package epstopdf Info: Source file: <./sector_analysis_1year_images//figure_6.e
ps>
(epstopdf)                    date: 2022-01-31 09:35:47
(epstopdf)                    size: 42507 bytes
(epstopdf)             Output file: <./figure_6-eps-converted-to.pdf>
(epstopdf)                    date: 2022-01-31 09:40:54
(epstopdf)                    size: 76749 bytes
(epstopdf)             Command: <repstopdf --outfile=./figure_6-eps-converted-t
o.pdf ./sector_analysis_1year_images//figure_6.eps>
(epstopdf)             \includegraphics on input line 609.
Package epstopdf Info: Output file is already uptodate.
<./figure_6-eps-converted-to.pdf, id=113, 562.1pt x 421.575pt>
File: ./figure_6-eps-converted-to.pdf Graphic file (type pdf)
<use ./figure_6-eps-converted-to.pdf>
Package pdftex.def Info: ./figure_6-eps-converted-to.pdf  used on input line 60
9.
(pdftex.def)             Requested size: 345.0pt x 258.74924pt.
 [15]
Overfull \hbox (217.54842pt too wide) in paragraph at lines 650--650
[]    \T1/lmtt/m/n/10 axesm miller; %, eqaazim eqdazim vperspec, eqdazim flips 
the x-axis, and y-axis to eqaazim. cassini[] 
 []


Overfull \hbox (207.04845pt too wide) in paragraph at lines 667--667
[]    \T1/lmtt/m/n/10 title(strcat("Atmos. velocity (m/s)", sector_name(sector)
), \TS1/lmtt/m/n/10 '\T1/lmtt/m/n/10 interpreter\TS1/lmtt/m/n/10 '\T1/lmtt/m/n/
10 ,\TS1/lmtt/m/n/10 '\T1/lmtt/m/n/10 latex\TS1/lmtt/m/n/10 '\T1/lmtt/m/n/10 ,\
TS1/lmtt/m/n/10 '\T1/lmtt/m/n/10 FontSize\TS1/lmtt/m/n/10 '\T1/lmtt/m/n/10 , 14
)[] 
 []

[16 <./figure_6-eps-converted-to.pdf>]
<./sector_analysis_1year_images//figure_7.png, id=126, 562.1pt x 421.575pt>
File: ./sector_analysis_1year_images//figure_7.png Graphic file (type png)
<use ./sector_analysis_1year_images//figure_7.png>
Package pdftex.def Info: ./sector_analysis_1year_images//figure_7.png  used on 
input line 670.
(pdftex.def)             Requested size: 345.0pt x 258.74924pt.
 [17]
Overfull \hbox (254.29831pt too wide) in paragraph at lines 688--688
[]\T1/lmtt/m/n/10 quiverwcolorbar(lon1\TS1/lmtt/m/n/10 '\T1/lmtt/m/n/10 ,-lat1\
TS1/lmtt/m/n/10 '\T1/lmtt/m/n/10 ,deltalon_atm_vec\TS1/lmtt/m/n/10 '\T1/lmtt/m/
n/10 ,-deltalat_atm_vec\TS1/lmtt/m/n/10 '\T1/lmtt/m/n/10 ,scale,\TS1/lmtt/m/n/1
0 '\T1/lmtt/m/n/10 bounds\TS1/lmtt/m/n/10 '\T1/lmtt/m/n/10 ,[min(mag_atm) max(m
ag_atm)]);[] 
 []

[18 <./sector_analysis_1year_images//figure_7.png>]
Package epstopdf Info: Source file: <./sector_analysis_1year_images//figure_8.e
ps>
(epstopdf)                    date: 2022-01-31 09:35:46
(epstopdf)                    size: 64405 bytes
(epstopdf)             Output file: <./figure_8-eps-converted-to.pdf>
(epstopdf)                    date: 2022-01-31 09:40:54
(epstopdf)                    size: 116851 bytes
(epstopdf)             Command: <repstopdf --outfile=./figure_8-eps-converted-t
o.pdf ./sector_analysis_1year_images//figure_8.eps>
(epstopdf)             \includegraphics on input line 700.
Package epstopdf Info: Output file is already uptodate.
<./figure_8-eps-converted-to.pdf, id=136, 562.1pt x 421.575pt>
File: ./figure_8-eps-converted-to.pdf Graphic file (type pdf)
<use ./figure_8-eps-converted-to.pdf>
Package pdftex.def Info: ./figure_8-eps-converted-to.pdf  used on input line 70
0.
(pdftex.def)             Requested size: 345.0pt x 258.74924pt.

Overfull \hbox (2.29904pt too wide) in paragraph at lines 713--713
[]\T1/lmtt/m/n/10 % Apply ice mask, so we only take wind data where there is ic
e[] 
 []


Overfull \hbox (217.54842pt too wide) in paragraph at lines 729--729
[]    \T1/lmtt/m/n/10 axesm miller; %, eqaazim eqdazim vperspec, eqdazim flips 
the x-axis, and y-axis to eqaazim. cassini[] 
 []


Overfull \hbox (280.54823pt too wide) in paragraph at lines 746--746
[]    \T1/lmtt/m/n/10 title(strcat("Joint ice and atmos. velocity (m/s)", secto
r_name(sector)), \TS1/lmtt/m/n/10 '\T1/lmtt/m/n/10 interpreter\TS1/lmtt/m/n/10 
'\T1/lmtt/m/n/10 ,\TS1/lmtt/m/n/10 '\T1/lmtt/m/n/10 latex\TS1/lmtt/m/n/10 '\T1/
lmtt/m/n/10 ,\TS1/lmtt/m/n/10 '\T1/lmtt/m/n/10 FontSize\TS1/lmtt/m/n/10 '\T1/lm
tt/m/n/10 , 14)[] 
 []

[19 <./figure_8-eps-converted-to.pdf>]
<./sector_analysis_1year_images//figure_9.png, id=145, 562.1pt x 421.575pt>
File: ./sector_analysis_1year_images//figure_9.png Graphic file (type png)
<use ./sector_analysis_1year_images//figure_9.png>
Package pdftex.def Info: ./sector_analysis_1year_images//figure_9.png  used on 
input line 749.
(pdftex.def)             Requested size: 345.0pt x 258.74924pt.

Overfull \hbox (180.79852pt too wide) in paragraph at lines 760--760
[]\T1/lmtt/m/n/10 quiverwcolorbar(lon1\TS1/lmtt/m/n/10 '\T1/lmtt/m/n/10 ,-lat1\
TS1/lmtt/m/n/10 '\T1/lmtt/m/n/10 ,proj(:,2),-proj(:,1),scale,\TS1/lmtt/m/n/10 '
\T1/lmtt/m/n/10 bounds\TS1/lmtt/m/n/10 '\T1/lmtt/m/n/10 ,[min(mag_proj) max(mag
_proj)]);[] 
 []

Package mdframed Info: Not enough space on this page on input line 761.
[20 <./sector_analysis_1year_images//figure_9.png>]
Package mdframed Info: Not enough space on this page on input line 761.
Package epstopdf Info: Source file: <./sector_analysis_1year_images//figure_10.
eps>
(epstopdf)                    date: 2022-01-31 09:35:45
(epstopdf)                    size: 43683 bytes
(epstopdf)             Output file: <./figure_10-eps-converted-to.pdf>
(epstopdf)                    date: 2022-01-31 09:40:55
(epstopdf)                    size: 77788 bytes
(epstopdf)             Command: <repstopdf --outfile=./figure_10-eps-converted-
to.pdf ./sector_analysis_1year_images//figure_10.eps>
(epstopdf)             \includegraphics on input line 773.
Package epstopdf Info: Output file is already uptodate.
<./figure_10-eps-converted-to.pdf, id=151, 562.1pt x 421.575pt>
File: ./figure_10-eps-converted-to.pdf Graphic file (type pdf)
<use ./figure_10-eps-converted-to.pdf>
Package pdftex.def Info: ./figure_10-eps-converted-to.pdf  used on input line 7
73.
(pdftex.def)             Requested size: 345.0pt x 258.74924pt.

Overfull \hbox (60.04887pt too wide) in paragraph at lines 777--777
[]\T1/lmtt/m/n/10 % Calculate percentage ice velocity is of wind velocity in th
at direction[] 
 []

[21 <./figure_10-eps-converted-to.pdf>]
Overfull \hbox (228.04839pt too wide) in paragraph at lines 815--815
[]\T1/lmtt/m/n/10 %     axesm miller; %, eqaazim eqdazim vperspec, eqdazim flip
s the x-axis, and y-axis to eqaazim. cassini[] 
 []


Overfull \hbox (212.29843pt too wide) in paragraph at lines 832--832
[]\T1/lmtt/m/n/10 %     title(strcat("Ocean velocity (m/s)", sector_name(sector
)), \TS1/lmtt/m/n/10 '\T1/lmtt/m/n/10 interpreter\TS1/lmtt/m/n/10 '\T1/lmtt/m/n
/10 ,\TS1/lmtt/m/n/10 '\T1/lmtt/m/n/10 latex\TS1/lmtt/m/n/10 '\T1/lmtt/m/n/10 ,
\TS1/lmtt/m/n/10 '\T1/lmtt/m/n/10 FontSize\TS1/lmtt/m/n/10 '\T1/lmtt/m/n/10 , 1
4)[] 
 []


Overfull \hbox (70.54884pt too wide) in paragraph at lines 848--848
[]\T1/lmtt/m/n/10 % quiverwcolorbar(lon1\TS1/lmtt/m/n/10 '\T1/lmtt/m/n/10 ,-lat
1\TS1/lmtt/m/n/10 '\T1/lmtt/m/n/10 ,deltalon_ocn_vec\TS1/lmtt/m/n/10 '\T1/lmtt/
m/n/10 ,-deltalat_ocn_vec\TS1/lmtt/m/n/10 '\T1/lmtt/m/n/10 ,scale);[] 
 []

[22]
Overfull \hbox (217.54842pt too wide) in paragraph at lines 879--879
[]    \T1/lmtt/m/n/10 axesm miller; %, eqaazim eqdazim vperspec, eqdazim flips 
the x-axis, and y-axis to eqaazim. cassini[] 
 []


Overfull \hbox (301.54817pt too wide) in paragraph at lines 896--896
[]    \T1/lmtt/m/n/10 title(strcat("Ocean velocity (m/s) in the x direction", s
ector_name(sector)), \TS1/lmtt/m/n/10 '\T1/lmtt/m/n/10 interpreter\TS1/lmtt/m/n
/10 '\T1/lmtt/m/n/10 ,\TS1/lmtt/m/n/10 '\T1/lmtt/m/n/10 latex\TS1/lmtt/m/n/10 '
\T1/lmtt/m/n/10 ,\TS1/lmtt/m/n/10 '\T1/lmtt/m/n/10 FontSize\TS1/lmtt/m/n/10 '\T
1/lmtt/m/n/10 , 14)[] 
 []

[23]
<./sector_analysis_1year_images//figure_11.png, id=169, 562.1pt x 421.575pt>
File: ./sector_analysis_1year_images//figure_11.png Graphic file (type png)
<use ./sector_analysis_1year_images//figure_11.png>
Package pdftex.def Info: ./sector_analysis_1year_images//figure_11.png  used on
 input line 899.
(pdftex.def)             Requested size: 345.0pt x 258.74924pt.
 [24 <./sector_analysis_1year_images//figure_11.png>]
Overfull \hbox (254.29831pt too wide) in paragraph at lines 917--917
[]\T1/lmtt/m/n/10 quiverwcolorbar(lon1\TS1/lmtt/m/n/10 '\T1/lmtt/m/n/10 ,-lat1\
TS1/lmtt/m/n/10 '\T1/lmtt/m/n/10 ,deltalon_ocn_vec\TS1/lmtt/m/n/10 '\T1/lmtt/m/
n/10 ,-deltalat_ocn_vec\TS1/lmtt/m/n/10 '\T1/lmtt/m/n/10 ,scale,\TS1/lmtt/m/n/1
0 '\T1/lmtt/m/n/10 bounds\TS1/lmtt/m/n/10 '\T1/lmtt/m/n/10 ,[min(mag_ocn) max(m
ag_ocn)]);[] 
 []

Package mdframed Info: Not enough space on this page on input line 918.
Package epstopdf Info: Source file: <./sector_analysis_1year_images//figure_12.
eps>
(epstopdf)                    date: 2022-01-31 09:35:45
(epstopdf)                    size: 34909 bytes
(epstopdf)             Output file: <./figure_12-eps-converted-to.pdf>
(epstopdf)                    date: 2022-01-31 09:40:56
(epstopdf)                    size: 62438 bytes
(epstopdf)             Command: <repstopdf --outfile=./figure_12-eps-converted-
to.pdf ./sector_analysis_1year_images//figure_12.eps>
(epstopdf)             \includegraphics on input line 929.
Package epstopdf Info: Output file is already uptodate.
<./figure_12-eps-converted-to.pdf, id=175, 562.1pt x 421.575pt>
File: ./figure_12-eps-converted-to.pdf Graphic file (type pdf)
<use ./figure_12-eps-converted-to.pdf>
Package pdftex.def Info: ./figure_12-eps-converted-to.pdf  used on input line 9
29.
(pdftex.def)             Requested size: 345.0pt x 258.74924pt.
[25 <./figure_12-eps-converted-to.pdf>]
Package mdframed Info: Not enough space on this page on input line 933.

Overfull \hbox (217.54842pt too wide) in paragraph at lines 948--948
[]    \T1/lmtt/m/n/10 axesm miller; %, eqaazim eqdazim vperspec, eqdazim flips 
the x-axis, and y-axis to eqaazim. cassini[] 
 []


Overfull \hbox (207.04845pt too wide) in paragraph at lines 965--965
[]    \T1/lmtt/m/n/10 title(strcat("Ice thickness in the ", sector_name(sector)
), \TS1/lmtt/m/n/10 '\T1/lmtt/m/n/10 interpreter\TS1/lmtt/m/n/10 '\T1/lmtt/m/n/
10 ,\TS1/lmtt/m/n/10 '\T1/lmtt/m/n/10 latex\TS1/lmtt/m/n/10 '\T1/lmtt/m/n/10 ,\
TS1/lmtt/m/n/10 '\T1/lmtt/m/n/10 FontSize\TS1/lmtt/m/n/10 '\T1/lmtt/m/n/10 , 14
)[] 
 []

<./sector_analysis_1year_images//figure_13.png, id=183, 562.1pt x 421.575pt>
File: ./sector_analysis_1year_images//figure_13.png Graphic file (type png)
<use ./sector_analysis_1year_images//figure_13.png>
Package pdftex.def Info: ./sector_analysis_1year_images//figure_13.png  used on
 input line 968.
(pdftex.def)             Requested size: 345.0pt x 258.74924pt.
[26]
Overfull \hbox (2.29904pt too wide) in paragraph at lines 991--991
[]        \T1/lmtt/m/n/10 coords = [-45,20;-65,20;-45,40;-65,40]; %(NW;SW,NE,SE
)[] 
 []


Overfull \hbox (44.29892pt too wide) in paragraph at lines 999--999
[]\T1/lmtt/m/n/10 function sector_data = data_format_sector(filedir,variable,se
ctor,dim)[] 
 []


Overfull \hbox (107.29874pt too wide) in paragraph at lines 1013--1013
[]        \T1/lmtt/m/n/10 [lat_out(i),lon_out(i)] = lat_lon_finder(coords(i,1),
coords(i,2),lat,lon);[] 
 []


Overfull \hbox (70.54884pt too wide) in paragraph at lines 1020--1020
[]        \T1/lmtt/m/n/10 sector_mask(lon_out(1):lon_out(3), lat_out(1)-i:lat_o
ut(3)) = true;[] 
 []


Overfull \hbox (322.54811pt too wide) in paragraph at lines 1021--1021
[]        \T1/lmtt/m/n/10 sector_data(lon_out(1):lon_out(3), lat_out(1)-i:lat_o
ut(3)) = data(lon_out(1):lon_out(3), lat_out(1)-i:lat_out(3));[] 
 []

[27 <./sector_analysis_1year_images//figure_13.png>] [28]
(./sector_analysis_1year.aux)
Package rerunfilecheck Info: File `sector_analysis_1year.out' has not changed.
(rerunfilecheck)             Checksum: D41D8CD98F00B204E9800998ECF8427E;0.
 ) 
Here is how much of TeX's memory you used:
 21310 strings out of 478994
 392256 string characters out of 5858184
 693987 words of memory out of 5000000
 38294 multiletter control sequences out of 15000+600000
 439314 words of font info for 53 fonts, out of 8000000 for 9000
 1141 hyphenation exceptions out of 8191
 122i,10n,124p,489b,1086s stack positions out of 5000i,500n,10000p,200000b,80000s
{/usr/local/texlive/2021/texmf-dist/fonts/enc/dvips/lm/lm-mathsy.enc}{/usr/lo
cal/texlive/2021/texmf-dist/fonts/enc/dvips/lm/lm-ec.enc}{/usr/local/texlive/20
21/texmf-dist/fonts/enc/dvips/lm/lm-rm.enc}{/usr/local/texlive/2021/texmf-dist/
fonts/enc/dvips/lm/lm-mathit.enc}{/usr/local/texlive/2021/texmf-dist/fonts/enc/
dvips/lm/lm-ts1.enc}</usr/local/texlive/2021/texmf-dist/fonts/type1/public/lm/l
mbx10.pfb></usr/local/texlive/2021/texmf-dist/fonts/type1/public/lm/lmbx12.pfb>
</usr/local/texlive/2021/texmf-dist/fonts/type1/public/lm/lmmi10.pfb></usr/loca
l/texlive/2021/texmf-dist/fonts/type1/public/lm/lmr10.pfb></usr/local/texlive/2
021/texmf-dist/fonts/type1/public/lm/lmri10.pfb></usr/local/texlive/2021/texmf-
dist/fonts/type1/public/lm/lmsy10.pfb></usr/local/texlive/2021/texmf-dist/fonts
/type1/public/lm/lmtt10.pfb>
Output written on sector_analysis_1year.pdf (28 pages, 664172 bytes).
PDF statistics:
 244 PDF objects out of 1000 (max. 8388607)
 177 compressed objects within 2 object streams
 60 named destinations out of 1000 (max. 500000)
 83 words of extra memory for PDF output out of 10000 (max. 10000000)

